<?xml version="1.0" encoding="UTF-8"?>
<!-- Generated by org.testng.reporters.JUnitReportReporter -->
<testsuite hostname="DESKTOP-I0N9CSF" failures="0" tests="4" name="com.qa.fdc.tests.LoginPageTest" time="4.634" errors="0" timestamp="2024-07-30T22:42:07 IST" skipped="0">
  <testcase classname="com.qa.fdc.tests.LoginPageTest" name="loginPageTitle" time="1.353"/>
  <testcase classname="com.qa.fdc.tests.LoginPageTest" name="currentPageURLTest" time="0.022"/>
  <testcase classname="com.qa.fdc.tests.LoginPageTest" name="forgotPwdLinkTest" time="0.217"/>
  <testcase classname="com.qa.fdc.tests.LoginPageTest" name="loginTest" time="3.042"/>
</testsuite> <!-- com.qa.fdc.tests.LoginPageTest -->
