<?xml version="1.0" encoding="UTF-8"?>
<!-- Generated by org.testng.reporters.JUnitReportReporter -->
<testsuite hostname="DESKTOP-I0N9CSF" failures="0" tests="4" name="com.qa.fdc.tests.AccountPageTest" time="0.304" errors="0" timestamp="2024-07-30T22:42:07 IST" skipped="0">
  <testcase classname="com.qa.fdc.tests.AccountPageTest" name="headerListTest" time="0.119"/>
  <testcase classname="com.qa.fdc.tests.AccountPageTest" name="linkExistTest" time="0.073"/>
  <testcase classname="com.qa.fdc.tests.AccountPageTest" name="logoutLinkTest" time="0.092"/>
  <testcase classname="com.qa.fdc.tests.AccountPageTest" name="acountPageURLTest" time="0.020"/>
</testsuite> <!-- com.qa.fdc.tests.AccountPageTest -->
