<?xml version="1.0" encoding="UTF-8"?>
<!-- Generated by org.testng.reporters.JUnitReportReporter -->
<testsuite hostname="DESKTOP-I0N9CSF" failures="0" tests="3" name="com.qa.fdc.tests.ProductInfoPagetest" time="6.599" errors="0" timestamp="2024-07-30T22:42:07 IST" skipped="0">
  <testcase classname="com.qa.fdc.tests.ProductInfoPagetest" name="imageCounTest" time="1.743"/>
  <testcase classname="com.qa.fdc.tests.ProductInfoPagetest" name="productInfoTest" time="2.005"/>
  <testcase classname="com.qa.fdc.tests.ProductInfoPagetest" name="headerTest" time="2.851"/>
</testsuite> <!-- com.qa.fdc.tests.ProductInfoPagetest -->
