<?xml version="1.0" encoding="UTF-8"?>
<!-- Generated by org.testng.reporters.JUnitReportReporter -->
<testsuite hostname="DESKTOP-I0N9CSF" failures="0" tests="7" name="com.qa.fdc.tests.SearchResultTest" time="3.129" errors="0" timestamp="2024-08-03T08:37:48 IST" skipped="0">
  <testcase classname="com.qa.fdc.tests.SearchResultTest" name="searchResultCountTest" time="0.827"/>
  <testcase classname="com.qa.fdc.tests.SearchResultTest" name="searchResultCountTest" time="0.854"/>
  <testcase classname="com.qa.fdc.tests.SearchResultTest" name="searchResultCountTest" time="0.800"/>
  <testcase classname="com.qa.fdc.tests.SearchResultTest" name="urlTest" time="0.568"/>
  <testcase classname="com.qa.fdc.tests.SearchResultTest" name="titleTest" time="0.019"/>
  <testcase classname="com.qa.fdc.tests.SearchResultTest" name="searchResultPageTest" time="0.046"/>
  <testcase classname="com.qa.fdc.tests.SearchResultTest" name="productsCountTest" time="0.015"/>
</testsuite> <!-- com.qa.fdc.tests.SearchResultTest -->
