<?xml version="1.0" encoding="UTF-8"?>
<!-- Generated by org.testng.reporters.JUnitReportReporter -->
<testsuite hostname="DESKTOP-I0N9CSF" failures="0" tests="4" name="com.qa.fdc.tests.LoginPageTest" time="1.737" errors="0" timestamp="2024-08-03T08:37:48 IST" skipped="0">
  <testcase classname="com.qa.fdc.tests.LoginPageTest" name="loginPageTitle" time="0.174"/>
  <testcase classname="com.qa.fdc.tests.LoginPageTest" name="currentPageURLTest" time="0.024"/>
  <testcase classname="com.qa.fdc.tests.LoginPageTest" name="forgotPwdLinkTest" time="0.085"/>
  <testcase classname="com.qa.fdc.tests.LoginPageTest" name="loginTest" time="1.454"/>
</testsuite> <!-- com.qa.fdc.tests.LoginPageTest -->
