<?xml version="1.0" encoding="UTF-8"?>
<!-- Generated by org.testng.reporters.JUnitReportReporter -->
<testsuite hostname="DESKTOP-I0N9CSF" failures="0" tests="3" name="com.qa.fdc.tests.ProductInfoPagetest" time="4.363" errors="0" timestamp="2024-08-03T08:37:48 IST" skipped="0">
  <testcase classname="com.qa.fdc.tests.ProductInfoPagetest" name="imageCounTest" time="1.129"/>
  <testcase classname="com.qa.fdc.tests.ProductInfoPagetest" name="productInfoTest" time="1.164"/>
  <testcase classname="com.qa.fdc.tests.ProductInfoPagetest" name="headerTest" time="2.070"/>
</testsuite> <!-- com.qa.fdc.tests.ProductInfoPagetest -->
